<?xml version="1.0" encoding="UTF-8"?>
<!-- Generated by org.testng.reporters.JUnitReportReporter -->
<testsuite hostname="DESKTOP-TQMQT34" failures="0" tests="4" name="parameterizationExample.DataProviderUsingExcelFile" time="27.565" errors="0" timestamp="2023-09-25T17:17:10 IST" skipped="0">
  <testcase classname="parameterizationExample.DataProviderUsingExcelFile" name="verifyGoogleWebsite" time="8.275"/>
  <testcase classname="parameterizationExample.DataProviderUsingExcelFile" name="verifyGoogleWebsite" time="6.218"/>
  <testcase classname="parameterizationExample.DataProviderUsingExcelFile" name="verifyGoogleWebsite" time="6.355"/>
  <testcase classname="parameterizationExample.DataProviderUsingExcelFile" name="verifyGoogleWebsite" time="6.717"/>
</testsuite> <!-- parameterizationExample.DataProviderUsingExcelFile -->
